<?xml version="1.0" encoding="UTF-8"?>
<!-- Generated by org.testng.reporters.JUnitReportReporter -->
<testsuite skipped="0" hostname="KRKRaju" name="Academy.validateNavigationBar" tests="1" failures="0" timestamp="2021-06-03T15:08:07 IST" time="0.125" errors="0">
  <testcase name="validateAppNavBar" time="0.125" classname="Academy.validateNavigationBar"/>
  <system-out/>
</testsuite> <!-- Academy.validateNavigationBar -->
